[index-2.html]
[files/1j/1j3/1j3767e07a.ico]
[backblue.gif]
[fade.gif]
[index.html]
[index-3.html]
[client/js.polyfill/container-query-polyfill.modern.js]
[85d443aa04c57af9e4bdb349ef20e83f/200000000-abdd5abdd8/商標e07a.png]
[85d443aa04c57af9e4bdb349ef20e83f/200000264-6889a6889e/Juxine07a.jpg]
[files/4c/4cc/4cc0gue07a.png]
[85d443aa04c57af9e4bdb349ef20e83f/200000238-126a6126a9/2e07a.jpg]
[85d443aa04c57af9e4bdb349ef20e83f/200000240-7a4787a47c/4e07a.jpg]
[85d443aa04c57af9e4bdb349ef20e83f/200000236-309d9309dc/7e07a.jpg]
[85d443aa04c57af9e4bdb349ef20e83f/200000242-186e4186e8/8e07a.jpg]
[85d443aa04c57af9e4bdb349ef20e83f/200000244-bfe42bfe46/12e07a.jpg]
[85d443aa04c57af9e4bdb349ef20e83f/200000246-73d5673d5a/14e07a.jpg]
[85d443aa04c57af9e4bdb349ef20e83f/200000248-5e51b5e51f/15e07a.jpg]
[85d443aa04c57af9e4bdb349ef20e83f/200000250-c8b3bc8b3e/115e07a.jpg]
[85d443aa04c57af9e4bdb349ef20e83f/200000142-80b8480b86/6萬-7e07a.jpg]
[85d443aa04c57af9e4bdb349ef20e83f/200000143-7e6fc7e6fe/20萬-7e07a.jpg]
[85d443aa04c57af9e4bdb349ef20e83f/200000145-a1443a1445/20萬-10e07a.jpg]
[files/03/03r/03re6ae07a.js]
[index-2.html]
[client.fe/js.compiled/lang.zh-tw.1267e07a.js]
[files/2d/2di/2div3he07a.svg]
[files/07/07f/07fzq8e07a.svg]
[files/04/04p/04pi85e07a.css]
[files/12/12c/12ce00e07a.css]
[client.fe/js.compiled/compiled.multi.2-1614e07a.js]
[files/3p/3pq/3pq60x.png]
[files/3b/3b3/3b3gq1e07a.css]
[files/0e/0e8/0e8clme07a.css]
[files/0a/0ap/0ap7xye07a.css]
[files/22/223/2232ife07a.css]
[files/4f/4fn/4fn1kwe07a.css]
[files/13/13w/13wxdfe07a.css]
[files/32/32v/32v4gje07a.css]
[files/0d/0ds/0dscwue07a.css]
[files/12/125/1257mce07a.css]
[home/index.html]
[85d443aa04c57af9e4bdb349ef20e83f/200000270-9b1669b169/5-6e07a.jpg]
[85d443aa04c57af9e4bdb349ef20e83f/200000252-238b4238b8/1e07a.jpg]
[85d443aa04c57af9e4bdb349ef20e83f/200000260-5343b5343e/5e07a.jpg]
[85d443aa04c57af9e4bdb349ef20e83f/200000256-eae55eae58/4-5e07a.jpg]
[85d443aa04c57af9e4bdb349ef20e83f/200000258-1bf971bf99/3e07a.jpg]
[推薦/index.html]
[files/4c/4c5/4c5fs8e07a.jpg]
[85d443aa04c57af9e4bdb349ef20e83f/200000254-e6256e6259/2-5e07a.jpg]
[我們的服務/index.html]
[files/1k/1kv/1kvudre07a.jpg]
[聯絡資訊/index.html]
[85d443aa04c57af9e4bdb349ef20e83f/200000268-5cc7a5cc7e/2-9e07a.jpg]
[馬上評估/index.html]
[files/1m/1mh/1mhb7ke07a.png]
[手機貸款/index.html]
[files/0c/0cu/0cuf0ue07a.jpg]
[85d443aa04c57af9e4bdb349ef20e83f/200000184-bb0cdbb0d0/iconmonstr-map-5-240e07a.png]
[85d443aa04c57af9e4bdb349ef20e83f/200000182-266fd266ff/iconmonstr-phone-1-240e07a.png]
[85d443aa04c57af9e4bdb349ef20e83f/200000183-36db136db3/iconmonstr-line-1-240e07a.png]
[85d443aa04c57af9e4bdb349ef20e83f/200000185-113fb113fd/iconmonstr-facebook-1-240e07a.png]
[關於我們/index.html]
[index5345.html]
